Retrieving notices: ...working... done
Collecting package metadata (current_repodata.json): ...working... done
Solving environment: ...working... done


==> WARNING: A newer version of conda exists. <==
  current version: 23.1.0
  latest version: 24.3.0

Please update conda by running

    $ conda update -n base -c defaults conda

Or to minimize the number of packages updated during conda update use

     conda install conda=24.3.0



## Package Plan ##

  environment location: /home/shyam/miniconda3/envs/svdiff

  added / updated specs:
    - python=3.11


The following packages will be downloaded:

    package                    |            build
    ---------------------------|-----------------
    ca-certificates-2024.3.11  |       h06a4308_0         127 KB
    ------------------------------------------------------------
                                           Total:         127 KB

The following NEW packages will be INSTALLED:

  _libgcc_mutex      pkgs/main/linux-64::_libgcc_mutex-0.1-main 
  _openmp_mutex      pkgs/main/linux-64::_openmp_mutex-5.1-1_gnu 
  bzip2              pkgs/main/linux-64::bzip2-1.0.8-h5eee18b_5 
  ca-certificates    pkgs/main/linux-64::ca-certificates-2024.3.11-h06a4308_0 
  ld_impl_linux-64   pkgs/main/linux-64::ld_impl_linux-64-2.38-h1181459_1 
  libffi             pkgs/main/linux-64::libffi-3.4.4-h6a678d5_0 
  libgcc-ng          pkgs/main/linux-64::libgcc-ng-11.2.0-h1234567_1 
  libgomp            pkgs/main/linux-64::libgomp-11.2.0-h1234567_1 
  libstdcxx-ng       pkgs/main/linux-64::libstdcxx-ng-11.2.0-h1234567_1 
  libuuid            pkgs/main/linux-64::libuuid-1.41.5-h5eee18b_0 
  ncurses            pkgs/main/linux-64::ncurses-6.4-h6a678d5_0 
  openssl            pkgs/main/linux-64::openssl-3.0.13-h7f8727e_0 
  pip                pkgs/main/linux-64::pip-23.3.1-py311h06a4308_0 
  python             pkgs/main/linux-64::python-3.11.8-h955ad1f_0 
  readline           pkgs/main/linux-64::readline-8.2-h5eee18b_0 
  setuptools         pkgs/main/linux-64::setuptools-68.2.2-py311h06a4308_0 
  sqlite             pkgs/main/linux-64::sqlite-3.41.2-h5eee18b_0 
  tk                 pkgs/main/linux-64::tk-8.6.12-h1ccaba5_0 
  tzdata             pkgs/main/noarch::tzdata-2024a-h04d1e81_0 
  wheel              pkgs/main/linux-64::wheel-0.41.2-py311h06a4308_0 
  xz                 pkgs/main/linux-64::xz-5.4.6-h5eee18b_0 
  zlib               pkgs/main/linux-64::zlib-1.2.13-h5eee18b_0 



Downloading and Extracting Packages
ca-certificates-2024 | 127 KB    |            |   0% ca-certificates-2024 | 127 KB    | #2         |  13% ca-certificates-2024 | 127 KB    | ########## | 100% ca-certificates-2024 | 127 KB    | ########## | 100%                                                      
Preparing transaction: ...working... done
Verifying transaction: ...working... done
Executing transaction: ...working... done
#
# To activate this environment, use
#
#     $ conda activate svdiff
#
# To deactivate an active environment, use
#
#     $ conda deactivate

/var/spool/slurm/slurmd/job140627/slurm_script: 3: source: not found
Obtaining file:///home/shyam/svdiff-pytorch
  Preparing metadata (setup.py): started
  Preparing metadata (setup.py): finished with status 'done'
Collecting diffusers==0.14.0
  Downloading diffusers-0.14.0-py3-none-any.whl (737 kB)
     ━━━━━━━━━━━━━━━━━━━━━━━━━━━━━━━━━━━━━━━ 737.4/737.4 kB 6.5 MB/s eta 0:00:00
Collecting accelerate
  Using cached accelerate-0.28.0-py3-none-any.whl (290 kB)
Collecting torchvision
  Downloading torchvision-0.17.1-cp310-cp310-manylinux1_x86_64.whl (6.9 MB)
     ━━━━━━━━━━━━━━━━━━━━━━━━━━━━━━━━━━━━━━━━ 6.9/6.9 MB 33.6 MB/s eta 0:00:00
Requirement already satisfied: safetensors in /home/shyam/miniconda3/lib/python3.10/site-packages (from svdiff-pytorch==0.2.0) (0.3.3)
Collecting transformers>=4.25.1
  Downloading transformers-4.39.1-py3-none-any.whl (8.8 MB)
     ━━━━━━━━━━━━━━━━━━━━━━━━━━━━━━━━━━━━━━━━ 8.8/8.8 MB 37.8 MB/s eta 0:00:00
Collecting ftfy
  Downloading ftfy-6.2.0-py3-none-any.whl (54 kB)
     ━━━━━━━━━━━━━━━━━━━━━━━━━━━━━━━━━━━━━━━━ 54.4/54.4 kB 4.4 MB/s eta 0:00:00
Collecting tensorboard
  Downloading tensorboard-2.16.2-py3-none-any.whl (5.5 MB)
     ━━━━━━━━━━━━━━━━━━━━━━━━━━━━━━━━━━━━━━━━ 5.5/5.5 MB 37.1 MB/s eta 0:00:00
Collecting Jinja2
  Downloading Jinja2-3.1.3-py3-none-any.whl (133 kB)
     ━━━━━━━━━━━━━━━━━━━━━━━━━━━━━━━━━━━━━━━ 133.2/133.2 kB 8.9 MB/s eta 0:00:00
Collecting einops
  Downloading einops-0.7.0-py3-none-any.whl (44 kB)
     ━━━━━━━━━━━━━━━━━━━━━━━━━━━━━━━━━━━━━━━━ 44.6/44.6 kB 3.2 MB/s eta 0:00:00
Collecting wandb
  Downloading wandb-0.16.4-py3-none-any.whl (2.2 MB)
     ━━━━━━━━━━━━━━━━━━━━━━━━━━━━━━━━━━━━━━━━ 2.2/2.2 MB 36.1 MB/s eta 0:00:00
Requirement already satisfied: huggingface-hub>=0.10.0 in /home/shyam/miniconda3/lib/python3.10/site-packages (from diffusers==0.14.0->svdiff-pytorch==0.2.0) (0.16.4)
Requirement already satisfied: filelock in /home/shyam/miniconda3/lib/python3.10/site-packages (from diffusers==0.14.0->svdiff-pytorch==0.2.0) (3.12.2)
Requirement already satisfied: regex!=2019.12.17 in /home/shyam/miniconda3/lib/python3.10/site-packages (from diffusers==0.14.0->svdiff-pytorch==0.2.0) (2023.8.8)
Requirement already satisfied: importlib-metadata in /home/shyam/miniconda3/lib/python3.10/site-packages (from diffusers==0.14.0->svdiff-pytorch==0.2.0) (6.8.0)
Requirement already satisfied: requests in /home/shyam/miniconda3/lib/python3.10/site-packages (from diffusers==0.14.0->svdiff-pytorch==0.2.0) (2.28.1)
Requirement already satisfied: numpy in /home/shyam/miniconda3/lib/python3.10/site-packages (from diffusers==0.14.0->svdiff-pytorch==0.2.0) (1.24.3)
Requirement already satisfied: Pillow in /home/shyam/miniconda3/lib/python3.10/site-packages (from diffusers==0.14.0->svdiff-pytorch==0.2.0) (10.0.0)
Collecting huggingface-hub>=0.10.0
  Downloading huggingface_hub-0.22.0-py3-none-any.whl (388 kB)
     ━━━━━━━━━━━━━━━━━━━━━━━━━━━━━━━━━━━━━━ 388.5/388.5 kB 24.5 MB/s eta 0:00:00
Requirement already satisfied: pyyaml>=5.1 in /home/shyam/miniconda3/lib/python3.10/site-packages (from transformers>=4.25.1->svdiff-pytorch==0.2.0) (6.0.1)
Requirement already satisfied: packaging>=20.0 in /home/shyam/miniconda3/lib/python3.10/site-packages (from transformers>=4.25.1->svdiff-pytorch==0.2.0) (23.1)
Collecting tokenizers<0.19,>=0.14
  Downloading tokenizers-0.15.2-cp310-cp310-manylinux_2_17_x86_64.manylinux2014_x86_64.whl (3.6 MB)
     ━━━━━━━━━━━━━━━━━━━━━━━━━━━━━━━━━━━━━━━━ 3.6/3.6 MB 37.6 MB/s eta 0:00:00
Collecting safetensors
  Downloading safetensors-0.4.2-cp310-cp310-manylinux_2_17_x86_64.manylinux2014_x86_64.whl (1.3 MB)
     ━━━━━━━━━━━━━━━━━━━━━━━━━━━━━━━━━━━━━━━━ 1.3/1.3 MB 34.6 MB/s eta 0:00:00
Requirement already satisfied: tqdm>=4.27 in /home/shyam/miniconda3/lib/python3.10/site-packages (from transformers>=4.25.1->svdiff-pytorch==0.2.0) (4.64.1)
Collecting torch>=1.10.0
  Using cached torch-2.2.1-cp310-cp310-manylinux1_x86_64.whl (755.5 MB)
Requirement already satisfied: psutil in /home/shyam/miniconda3/lib/python3.10/site-packages (from accelerate->svdiff-pytorch==0.2.0) (5.9.5)
Collecting wcwidth<0.3.0,>=0.2.12
  Downloading wcwidth-0.2.13-py2.py3-none-any.whl (34 kB)
Collecting MarkupSafe>=2.0
  Downloading MarkupSafe-2.1.5-cp310-cp310-manylinux_2_17_x86_64.manylinux2014_x86_64.whl (25 kB)
slurmstepd: error: *** JOB 140627 ON c1-0 CANCELLED AT 2024-03-25T13:48:10 ***
