Collecting package metadata (current_repodata.json): ...working... done
Solving environment: ...working... done


==> WARNING: A newer version of conda exists. <==
  current version: 23.1.0
  latest version: 24.3.0

Please update conda by running

    $ conda update -n base -c defaults conda

Or to minimize the number of packages updated during conda update use

     conda install conda=24.3.0



## Package Plan ##

  environment location: /home/shyam/miniconda3/envs/svdiff

  added / updated specs:
    - python=3.11


The following NEW packages will be INSTALLED:

  _libgcc_mutex      pkgs/main/linux-64::_libgcc_mutex-0.1-main 
  _openmp_mutex      pkgs/main/linux-64::_openmp_mutex-5.1-1_gnu 
  bzip2              pkgs/main/linux-64::bzip2-1.0.8-h5eee18b_5 
  ca-certificates    pkgs/main/linux-64::ca-certificates-2024.3.11-h06a4308_0 
  ld_impl_linux-64   pkgs/main/linux-64::ld_impl_linux-64-2.38-h1181459_1 
  libffi             pkgs/main/linux-64::libffi-3.4.4-h6a678d5_0 
  libgcc-ng          pkgs/main/linux-64::libgcc-ng-11.2.0-h1234567_1 
  libgomp            pkgs/main/linux-64::libgomp-11.2.0-h1234567_1 
  libstdcxx-ng       pkgs/main/linux-64::libstdcxx-ng-11.2.0-h1234567_1 
  libuuid            pkgs/main/linux-64::libuuid-1.41.5-h5eee18b_0 
  ncurses            pkgs/main/linux-64::ncurses-6.4-h6a678d5_0 
  openssl            pkgs/main/linux-64::openssl-3.0.13-h7f8727e_0 
  pip                pkgs/main/linux-64::pip-23.3.1-py311h06a4308_0 
  python             pkgs/main/linux-64::python-3.11.8-h955ad1f_0 
  readline           pkgs/main/linux-64::readline-8.2-h5eee18b_0 
  setuptools         pkgs/main/linux-64::setuptools-68.2.2-py311h06a4308_0 
  sqlite             pkgs/main/linux-64::sqlite-3.41.2-h5eee18b_0 
  tk                 pkgs/main/linux-64::tk-8.6.12-h1ccaba5_0 
  tzdata             pkgs/main/noarch::tzdata-2024a-h04d1e81_0 
  wheel              pkgs/main/linux-64::wheel-0.41.2-py311h06a4308_0 
  xz                 pkgs/main/linux-64::xz-5.4.6-h5eee18b_0 
  zlib               pkgs/main/linux-64::zlib-1.2.13-h5eee18b_0 



Downloading and Extracting Packages

Preparing transaction: ...working... done
Verifying transaction: ...working... done
Executing transaction: ...working... done
#
# To activate this environment, use
#
#     $ conda activate svdiff
#
# To deactivate an active environment, use
#
#     $ conda deactivate

Obtaining file:///home/shyam/svdiff-pytorch
  Preparing metadata (setup.py): started
  Preparing metadata (setup.py): finished with status 'done'
Collecting diffusers==0.14.0 (from svdiff-pytorch==0.2.0)
  Downloading diffusers-0.14.0-py3-none-any.whl.metadata (32 kB)
Collecting accelerate (from svdiff-pytorch==0.2.0)
  Using cached accelerate-0.28.0-py3-none-any.whl.metadata (18 kB)
Collecting torchvision (from svdiff-pytorch==0.2.0)
  Using cached torchvision-0.17.1-cp311-cp311-manylinux1_x86_64.whl.metadata (6.6 kB)
Collecting safetensors (from svdiff-pytorch==0.2.0)
  Using cached safetensors-0.4.2-cp311-cp311-manylinux_2_17_x86_64.manylinux2014_x86_64.whl.metadata (3.8 kB)
Collecting transformers>=4.25.1 (from svdiff-pytorch==0.2.0)
  Downloading transformers-4.39.1-py3-none-any.whl.metadata (134 kB)
     ━━━━━━━━━━━━━━━━━━━━━━━━━━━━━━━━━━━━━━━ 134.8/134.8 kB 3.4 MB/s eta 0:00:00
Collecting ftfy (from svdiff-pytorch==0.2.0)
  Downloading ftfy-6.2.0-py3-none-any.whl.metadata (7.3 kB)
Collecting tensorboard (from svdiff-pytorch==0.2.0)
  Using cached tensorboard-2.16.2-py3-none-any.whl.metadata (1.6 kB)
Collecting Jinja2 (from svdiff-pytorch==0.2.0)
  Using cached Jinja2-3.1.3-py3-none-any.whl.metadata (3.3 kB)
Collecting einops (from svdiff-pytorch==0.2.0)
  Using cached einops-0.7.0-py3-none-any.whl.metadata (13 kB)
Collecting wandb (from svdiff-pytorch==0.2.0)
  Downloading wandb-0.16.4-py3-none-any.whl.metadata (10 kB)
Collecting importlib-metadata (from diffusers==0.14.0->svdiff-pytorch==0.2.0)
  Downloading importlib_metadata-7.1.0-py3-none-any.whl.metadata (4.7 kB)
Collecting filelock (from diffusers==0.14.0->svdiff-pytorch==0.2.0)
  Downloading filelock-3.13.3-py3-none-any.whl.metadata (2.8 kB)
Collecting huggingface-hub>=0.10.0 (from diffusers==0.14.0->svdiff-pytorch==0.2.0)
  Downloading huggingface_hub-0.22.0-py3-none-any.whl.metadata (12 kB)
Collecting numpy (from diffusers==0.14.0->svdiff-pytorch==0.2.0)
  Using cached numpy-1.26.4-cp311-cp311-manylinux_2_17_x86_64.manylinux2014_x86_64.whl.metadata (61 kB)
Collecting regex!=2019.12.17 (from diffusers==0.14.0->svdiff-pytorch==0.2.0)
  Using cached regex-2023.12.25-cp311-cp311-manylinux_2_17_x86_64.manylinux2014_x86_64.whl.metadata (40 kB)
Collecting requests (from diffusers==0.14.0->svdiff-pytorch==0.2.0)
  Using cached requests-2.31.0-py3-none-any.whl.metadata (4.6 kB)
Collecting Pillow (from diffusers==0.14.0->svdiff-pytorch==0.2.0)
  Using cached pillow-10.2.0-cp311-cp311-manylinux_2_28_x86_64.whl.metadata (9.7 kB)
Collecting packaging>=20.0 (from transformers>=4.25.1->svdiff-pytorch==0.2.0)
  Using cached packaging-24.0-py3-none-any.whl.metadata (3.2 kB)
Collecting pyyaml>=5.1 (from transformers>=4.25.1->svdiff-pytorch==0.2.0)
  Using cached PyYAML-6.0.1-cp311-cp311-manylinux_2_17_x86_64.manylinux2014_x86_64.whl.metadata (2.1 kB)
Collecting tokenizers<0.19,>=0.14 (from transformers>=4.25.1->svdiff-pytorch==0.2.0)
  Using cached tokenizers-0.15.2-cp311-cp311-manylinux_2_17_x86_64.manylinux2014_x86_64.whl.metadata (6.7 kB)
Collecting tqdm>=4.27 (from transformers>=4.25.1->svdiff-pytorch==0.2.0)
  Using cached tqdm-4.66.2-py3-none-any.whl.metadata (57 kB)
Collecting psutil (from accelerate->svdiff-pytorch==0.2.0)
  Using cached psutil-5.9.8-cp36-abi3-manylinux_2_12_x86_64.manylinux2010_x86_64.manylinux_2_17_x86_64.manylinux2014_x86_64.whl.metadata (21 kB)
Collecting torch>=1.10.0 (from accelerate->svdiff-pytorch==0.2.0)
  Using cached torch-2.2.1-cp311-cp311-manylinux1_x86_64.whl.metadata (26 kB)
Collecting wcwidth<0.3.0,>=0.2.12 (from ftfy->svdiff-pytorch==0.2.0)
  Using cached wcwidth-0.2.13-py2.py3-none-any.whl.metadata (14 kB)
Collecting MarkupSafe>=2.0 (from Jinja2->svdiff-pytorch==0.2.0)
  Using cached MarkupSafe-2.1.5-cp311-cp311-manylinux_2_17_x86_64.manylinux2014_x86_64.whl.metadata (3.0 kB)
Collecting absl-py>=0.4 (from tensorboard->svdiff-pytorch==0.2.0)
  Using cached absl_py-2.1.0-py3-none-any.whl.metadata (2.3 kB)
Collecting grpcio>=1.48.2 (from tensorboard->svdiff-pytorch==0.2.0)
  Using cached grpcio-1.62.1-cp311-cp311-manylinux_2_17_x86_64.manylinux2014_x86_64.whl.metadata (4.0 kB)
Collecting markdown>=2.6.8 (from tensorboard->svdiff-pytorch==0.2.0)
  Using cached Markdown-3.6-py3-none-any.whl.metadata (7.0 kB)
Collecting protobuf!=4.24.0,>=3.19.6 (from tensorboard->svdiff-pytorch==0.2.0)
  Using cached protobuf-5.26.0-cp37-abi3-manylinux2014_x86_64.whl.metadata (592 bytes)
Requirement already satisfied: setuptools>=41.0.0 in /home/shyam/miniconda3/envs/svdiff/lib/python3.11/site-packages (from tensorboard->svdiff-pytorch==0.2.0) (68.2.2)
Collecting six>1.9 (from tensorboard->svdiff-pytorch==0.2.0)
  Using cached six-1.16.0-py2.py3-none-any.whl.metadata (1.8 kB)
Collecting tensorboard-data-server<0.8.0,>=0.7.0 (from tensorboard->svdiff-pytorch==0.2.0)
  Using cached tensorboard_data_server-0.7.2-py3-none-manylinux_2_31_x86_64.whl.metadata (1.1 kB)
Collecting werkzeug>=1.0.1 (from tensorboard->svdiff-pytorch==0.2.0)
  Using cached werkzeug-3.0.1-py3-none-any.whl.metadata (4.1 kB)
Collecting typing-extensions>=4.8.0 (from torch>=1.10.0->accelerate->svdiff-pytorch==0.2.0)
  Using cached typing_extensions-4.10.0-py3-none-any.whl.metadata (3.0 kB)
Collecting sympy (from torch>=1.10.0->accelerate->svdiff-pytorch==0.2.0)
  Using cached sympy-1.12-py3-none-any.whl.metadata (12 kB)
Collecting networkx (from torch>=1.10.0->accelerate->svdiff-pytorch==0.2.0)
  Using cached networkx-3.2.1-py3-none-any.whl.metadata (5.2 kB)
Collecting fsspec (from torch>=1.10.0->accelerate->svdiff-pytorch==0.2.0)
  Downloading fsspec-2024.3.1-py3-none-any.whl.metadata (6.8 kB)
Collecting nvidia-cuda-nvrtc-cu12==12.1.105 (from torch>=1.10.0->accelerate->svdiff-pytorch==0.2.0)
  Using cached nvidia_cuda_nvrtc_cu12-12.1.105-py3-none-manylinux1_x86_64.whl.metadata (1.5 kB)
Collecting nvidia-cuda-runtime-cu12==12.1.105 (from torch>=1.10.0->accelerate->svdiff-pytorch==0.2.0)
  Using cached nvidia_cuda_runtime_cu12-12.1.105-py3-none-manylinux1_x86_64.whl.metadata (1.5 kB)
Collecting nvidia-cuda-cupti-cu12==12.1.105 (from torch>=1.10.0->accelerate->svdiff-pytorch==0.2.0)
  Using cached nvidia_cuda_cupti_cu12-12.1.105-py3-none-manylinux1_x86_64.whl.metadata (1.6 kB)
Collecting nvidia-cudnn-cu12==8.9.2.26 (from torch>=1.10.0->accelerate->svdiff-pytorch==0.2.0)
  Using cached nvidia_cudnn_cu12-8.9.2.26-py3-none-manylinux1_x86_64.whl.metadata (1.6 kB)
Collecting nvidia-cublas-cu12==12.1.3.1 (from torch>=1.10.0->accelerate->svdiff-pytorch==0.2.0)
  Using cached nvidia_cublas_cu12-12.1.3.1-py3-none-manylinux1_x86_64.whl.metadata (1.5 kB)
Collecting nvidia-cufft-cu12==11.0.2.54 (from torch>=1.10.0->accelerate->svdiff-pytorch==0.2.0)
  Using cached nvidia_cufft_cu12-11.0.2.54-py3-none-manylinux1_x86_64.whl.metadata (1.5 kB)
Collecting nvidia-curand-cu12==10.3.2.106 (from torch>=1.10.0->accelerate->svdiff-pytorch==0.2.0)
  Using cached nvidia_curand_cu12-10.3.2.106-py3-none-manylinux1_x86_64.whl.metadata (1.5 kB)
Collecting nvidia-cusolver-cu12==11.4.5.107 (from torch>=1.10.0->accelerate->svdiff-pytorch==0.2.0)
  Using cached nvidia_cusolver_cu12-11.4.5.107-py3-none-manylinux1_x86_64.whl.metadata (1.6 kB)
Collecting nvidia-cusparse-cu12==12.1.0.106 (from torch>=1.10.0->accelerate->svdiff-pytorch==0.2.0)
  Using cached nvidia_cusparse_cu12-12.1.0.106-py3-none-manylinux1_x86_64.whl.metadata (1.6 kB)
Collecting nvidia-nccl-cu12==2.19.3 (from torch>=1.10.0->accelerate->svdiff-pytorch==0.2.0)
  Using cached nvidia_nccl_cu12-2.19.3-py3-none-manylinux1_x86_64.whl.metadata (1.8 kB)
Collecting nvidia-nvtx-cu12==12.1.105 (from torch>=1.10.0->accelerate->svdiff-pytorch==0.2.0)
  Using cached nvidia_nvtx_cu12-12.1.105-py3-none-manylinux1_x86_64.whl.metadata (1.7 kB)
Collecting triton==2.2.0 (from torch>=1.10.0->accelerate->svdiff-pytorch==0.2.0)
  Using cached triton-2.2.0-cp311-cp311-manylinux_2_17_x86_64.manylinux2014_x86_64.whl.metadata (1.4 kB)
Collecting nvidia-nvjitlink-cu12 (from nvidia-cusolver-cu12==11.4.5.107->torch>=1.10.0->accelerate->svdiff-pytorch==0.2.0)
  Using cached nvidia_nvjitlink_cu12-12.4.99-py3-none-manylinux2014_x86_64.whl.metadata (1.5 kB)
Collecting Click!=8.0.0,>=7.1 (from wandb->svdiff-pytorch==0.2.0)
  Using cached click-8.1.7-py3-none-any.whl.metadata (3.0 kB)
Collecting GitPython!=3.1.29,>=1.0.0 (from wandb->svdiff-pytorch==0.2.0)
  Using cached GitPython-3.1.42-py3-none-any.whl.metadata (12 kB)
Collecting sentry-sdk>=1.0.0 (from wandb->svdiff-pytorch==0.2.0)
  Downloading sentry_sdk-1.43.0-py2.py3-none-any.whl.metadata (9.9 kB)
Collecting docker-pycreds>=0.4.0 (from wandb->svdiff-pytorch==0.2.0)
  Using cached docker_pycreds-0.4.0-py2.py3-none-any.whl.metadata (1.8 kB)
Collecting setproctitle (from wandb->svdiff-pytorch==0.2.0)
  Using cached setproctitle-1.3.3-cp311-cp311-manylinux_2_5_x86_64.manylinux1_x86_64.manylinux_2_17_x86_64.manylinux2014_x86_64.whl.metadata (9.9 kB)
Collecting appdirs>=1.4.3 (from wandb->svdiff-pytorch==0.2.0)
  Using cached appdirs-1.4.4-py2.py3-none-any.whl.metadata (9.0 kB)
Collecting protobuf!=4.24.0,>=3.19.6 (from tensorboard->svdiff-pytorch==0.2.0)
  Using cached protobuf-4.25.3-cp37-abi3-manylinux2014_x86_64.whl.metadata (541 bytes)
Collecting gitdb<5,>=4.0.1 (from GitPython!=3.1.29,>=1.0.0->wandb->svdiff-pytorch==0.2.0)
  Using cached gitdb-4.0.11-py3-none-any.whl.metadata (1.2 kB)
Collecting charset-normalizer<4,>=2 (from requests->diffusers==0.14.0->svdiff-pytorch==0.2.0)
  Using cached charset_normalizer-3.3.2-cp311-cp311-manylinux_2_17_x86_64.manylinux2014_x86_64.whl.metadata (33 kB)
Collecting idna<4,>=2.5 (from requests->diffusers==0.14.0->svdiff-pytorch==0.2.0)
  Using cached idna-3.6-py3-none-any.whl.metadata (9.9 kB)
Collecting urllib3<3,>=1.21.1 (from requests->diffusers==0.14.0->svdiff-pytorch==0.2.0)
  Using cached urllib3-2.2.1-py3-none-any.whl.metadata (6.4 kB)
Collecting certifi>=2017.4.17 (from requests->diffusers==0.14.0->svdiff-pytorch==0.2.0)
  Using cached certifi-2024.2.2-py3-none-any.whl.metadata (2.2 kB)
Collecting zipp>=0.5 (from importlib-metadata->diffusers==0.14.0->svdiff-pytorch==0.2.0)
  Downloading zipp-3.18.1-py3-none-any.whl.metadata (3.5 kB)
Collecting smmap<6,>=3.0.1 (from gitdb<5,>=4.0.1->GitPython!=3.1.29,>=1.0.0->wandb->svdiff-pytorch==0.2.0)
  Using cached smmap-5.0.1-py3-none-any.whl.metadata (4.3 kB)
Collecting mpmath>=0.19 (from sympy->torch>=1.10.0->accelerate->svdiff-pytorch==0.2.0)
  Using cached mpmath-1.3.0-py3-none-any.whl.metadata (8.6 kB)
Using cached diffusers-0.14.0-py3-none-any.whl (737 kB)
Downloading transformers-4.39.1-py3-none-any.whl (8.8 MB)
   ━━━━━━━━━━━━━━━━━━━━━━━━━━━━━━━━━━━━━━━━ 8.8/8.8 MB 56.0 MB/s eta 0:00:00
Using cached safetensors-0.4.2-cp311-cp311-manylinux_2_17_x86_64.manylinux2014_x86_64.whl (1.3 MB)
Downloading accelerate-0.28.0-py3-none-any.whl (290 kB)
   ━━━━━━━━━━━━━━━━━━━━━━━━━━━━━━━━━━━━━━━━ 290.1/290.1 kB 29.2 MB/s eta 0:00:00
Using cached einops-0.7.0-py3-none-any.whl (44 kB)
Downloading ftfy-6.2.0-py3-none-any.whl (54 kB)
   ━━━━━━━━━━━━━━━━━━━━━━━━━━━━━━━━━━━━━━━━ 54.4/54.4 kB 6.9 MB/s eta 0:00:00
Using cached Jinja2-3.1.3-py3-none-any.whl (133 kB)
Using cached tensorboard-2.16.2-py3-none-any.whl (5.5 MB)
Using cached torchvision-0.17.1-cp311-cp311-manylinux1_x86_64.whl (6.9 MB)
Using cached torch-2.2.1-cp311-cp311-manylinux1_x86_64.whl (755.6 MB)
Using cached nvidia_cublas_cu12-12.1.3.1-py3-none-manylinux1_x86_64.whl (410.6 MB)
Using cached nvidia_cuda_cupti_cu12-12.1.105-py3-none-manylinux1_x86_64.whl (14.1 MB)
Using cached nvidia_cuda_nvrtc_cu12-12.1.105-py3-none-manylinux1_x86_64.whl (23.7 MB)
Using cached nvidia_cuda_runtime_cu12-12.1.105-py3-none-manylinux1_x86_64.whl (823 kB)
Using cached nvidia_cudnn_cu12-8.9.2.26-py3-none-manylinux1_x86_64.whl (731.7 MB)
Using cached nvidia_cufft_cu12-11.0.2.54-py3-none-manylinux1_x86_64.whl (121.6 MB)
Using cached nvidia_curand_cu12-10.3.2.106-py3-none-manylinux1_x86_64.whl (56.5 MB)
Using cached nvidia_cusolver_cu12-11.4.5.107-py3-none-manylinux1_x86_64.whl (124.2 MB)
Using cached nvidia_cusparse_cu12-12.1.0.106-py3-none-manylinux1_x86_64.whl (196.0 MB)
Using cached nvidia_nccl_cu12-2.19.3-py3-none-manylinux1_x86_64.whl (166.0 MB)
Using cached nvidia_nvtx_cu12-12.1.105-py3-none-manylinux1_x86_64.whl (99 kB)
Using cached triton-2.2.0-cp311-cp311-manylinux_2_17_x86_64.manylinux2014_x86_64.whl (167.9 MB)
Downloading wandb-0.16.4-py3-none-any.whl (2.2 MB)
   ━━━━━━━━━━━━━━━━━━━━━━━━━━━━━━━━━━━━━━━━ 2.2/2.2 MB 91.5 MB/s eta 0:00:00
Using cached absl_py-2.1.0-py3-none-any.whl (133 kB)
Using cached appdirs-1.4.4-py2.py3-none-any.whl (9.6 kB)
Using cached click-8.1.7-py3-none-any.whl (97 kB)
Using cached docker_pycreds-0.4.0-py2.py3-none-any.whl (9.0 kB)
Using cached GitPython-3.1.42-py3-none-any.whl (195 kB)
Using cached grpcio-1.62.1-cp311-cp311-manylinux_2_17_x86_64.manylinux2014_x86_64.whl (5.5 MB)
Downloading huggingface_hub-0.22.0-py3-none-any.whl (388 kB)
   ━━━━━━━━━━━━━━━━━━━━━━━━━━━━━━━━━━━━━━━━ 388.5/388.5 kB 32.2 MB/s eta 0:00:00
Using cached Markdown-3.6-py3-none-any.whl (105 kB)
Using cached MarkupSafe-2.1.5-cp311-cp311-manylinux_2_17_x86_64.manylinux2014_x86_64.whl (28 kB)
Using cached numpy-1.26.4-cp311-cp311-manylinux_2_17_x86_64.manylinux2014_x86_64.whl (18.3 MB)
Using cached packaging-24.0-py3-none-any.whl (53 kB)
Using cached pillow-10.2.0-cp311-cp311-manylinux_2_28_x86_64.whl (4.5 MB)
Using cached protobuf-4.25.3-cp37-abi3-manylinux2014_x86_64.whl (294 kB)
Using cached psutil-5.9.8-cp36-abi3-manylinux_2_12_x86_64.manylinux2010_x86_64.manylinux_2_17_x86_64.manylinux2014_x86_64.whl (288 kB)
Using cached PyYAML-6.0.1-cp311-cp311-manylinux_2_17_x86_64.manylinux2014_x86_64.whl (757 kB)
Using cached regex-2023.12.25-cp311-cp311-manylinux_2_17_x86_64.manylinux2014_x86_64.whl (785 kB)
Using cached requests-2.31.0-py3-none-any.whl (62 kB)
Downloading sentry_sdk-1.43.0-py2.py3-none-any.whl (264 kB)
   ━━━━━━━━━━━━━━━━━━━━━━━━━━━━━━━━━━━━━━━━ 264.6/264.6 kB 27.9 MB/s eta 0:00:00
Using cached six-1.16.0-py2.py3-none-any.whl (11 kB)
Using cached tensorboard_data_server-0.7.2-py3-none-manylinux_2_31_x86_64.whl (6.6 MB)
Using cached tokenizers-0.15.2-cp311-cp311-manylinux_2_17_x86_64.manylinux2014_x86_64.whl (3.6 MB)
Using cached tqdm-4.66.2-py3-none-any.whl (78 kB)
Using cached wcwidth-0.2.13-py2.py3-none-any.whl (34 kB)
Using cached werkzeug-3.0.1-py3-none-any.whl (226 kB)
Downloading filelock-3.13.3-py3-none-any.whl (11 kB)
Downloading importlib_metadata-7.1.0-py3-none-any.whl (24 kB)
Using cached setproctitle-1.3.3-cp311-cp311-manylinux_2_5_x86_64.manylinux1_x86_64.manylinux_2_17_x86_64.manylinux2014_x86_64.whl (31 kB)
Using cached certifi-2024.2.2-py3-none-any.whl (163 kB)
Using cached charset_normalizer-3.3.2-cp311-cp311-manylinux_2_17_x86_64.manylinux2014_x86_64.whl (140 kB)
Downloading fsspec-2024.3.1-py3-none-any.whl (171 kB)
   ━━━━━━━━━━━━━━━━━━━━━━━━━━━━━━━━━━━━━━━━ 172.0/172.0 kB 17.9 MB/s eta 0:00:00
Using cached gitdb-4.0.11-py3-none-any.whl (62 kB)
Using cached idna-3.6-py3-none-any.whl (61 kB)
Using cached typing_extensions-4.10.0-py3-none-any.whl (33 kB)
Using cached urllib3-2.2.1-py3-none-any.whl (121 kB)
Downloading zipp-3.18.1-py3-none-any.whl (8.2 kB)
Using cached networkx-3.2.1-py3-none-any.whl (1.6 MB)
Using cached sympy-1.12-py3-none-any.whl (5.7 MB)
Using cached mpmath-1.3.0-py3-none-any.whl (536 kB)
Using cached smmap-5.0.1-py3-none-any.whl (24 kB)
Using cached nvidia_nvjitlink_cu12-12.4.99-py3-none-manylinux2014_x86_64.whl (21.1 MB)
Installing collected packages: wcwidth, mpmath, appdirs, zipp, urllib3, typing-extensions, tqdm, tensorboard-data-server, sympy, smmap, six, setproctitle, safetensors, regex, pyyaml, psutil, protobuf, Pillow, packaging, nvidia-nvtx-cu12, nvidia-nvjitlink-cu12, nvidia-nccl-cu12, nvidia-curand-cu12, nvidia-cufft-cu12, nvidia-cuda-runtime-cu12, nvidia-cuda-nvrtc-cu12, nvidia-cuda-cupti-cu12, nvidia-cublas-cu12, numpy, networkx, MarkupSafe, markdown, idna, grpcio, ftfy, fsspec, filelock, einops, Click, charset-normalizer, certifi, absl-py, werkzeug, triton, sentry-sdk, requests, nvidia-cusparse-cu12, nvidia-cudnn-cu12, Jinja2, importlib-metadata, gitdb, docker-pycreds, tensorboard, nvidia-cusolver-cu12, huggingface-hub, GitPython, wandb, torch, tokenizers, diffusers, transformers, torchvision, accelerate, svdiff-pytorch
  Running setup.py develop for svdiff-pytorch
Successfully installed Click-8.1.7 GitPython-3.1.42 Jinja2-3.1.3 MarkupSafe-2.1.5 Pillow-10.2.0 absl-py-2.1.0 accelerate-0.28.0 appdirs-1.4.4 certifi-2024.2.2 charset-normalizer-3.3.2 diffusers-0.14.0 docker-pycreds-0.4.0 einops-0.7.0 filelock-3.13.3 fsspec-2024.3.1 ftfy-6.2.0 gitdb-4.0.11 grpcio-1.62.1 huggingface-hub-0.22.0 idna-3.6 importlib-metadata-7.1.0 markdown-3.6 mpmath-1.3.0 networkx-3.2.1 numpy-1.26.4 nvidia-cublas-cu12-12.1.3.1 nvidia-cuda-cupti-cu12-12.1.105 nvidia-cuda-nvrtc-cu12-12.1.105 nvidia-cuda-runtime-cu12-12.1.105 nvidia-cudnn-cu12-8.9.2.26 nvidia-cufft-cu12-11.0.2.54 nvidia-curand-cu12-10.3.2.106 nvidia-cusolver-cu12-11.4.5.107 nvidia-cusparse-cu12-12.1.0.106 nvidia-nccl-cu12-2.19.3 nvidia-nvjitlink-cu12-12.4.99 nvidia-nvtx-cu12-12.1.105 packaging-24.0 protobuf-4.25.3 psutil-5.9.8 pyyaml-6.0.1 regex-2023.12.25 requests-2.31.0 safetensors-0.4.2 sentry-sdk-1.43.0 setproctitle-1.3.3 six-1.16.0 smmap-5.0.1 svdiff-pytorch-0.2.0 sympy-1.12 tensorboard-2.16.2 tensorboard-data-server-0.7.2 tokenizers-0.15.2 torch-2.2.1 torchvision-0.17.1 tqdm-4.66.2 transformers-4.39.1 triton-2.2.0 typing-extensions-4.10.0 urllib3-2.2.1 wandb-0.16.4 wcwidth-0.2.13 werkzeug-3.0.1 zipp-3.18.1
